# first add path to package in repo.txt
# package name with no tag assumes trunk
# blank lines and lines beginning with # are ignored

#GoodRunsLists
#PileupReweighting
#TrigRootAnalysis

#CoEPPCore
#CoEPPD3PDReader
#CoEPPTrigTool
# last 2011 tag
#TauTriggerCorrections-00-00-02
#TauFakeRates
#TauFakeRates2012
#MissingMassCalculator-00-00-09
#TauDiscriminant

#MissingETUtility-01-01-02
# https://twiki.cern.ch/twiki/bin/viewauth/AtlasProtected/JetUncertainties
#JetUncertainties-00-07-01
#JetResolution-01-00-01
#ApplyJetCalibration-00-02-07
#ApplyJetResolutionSmearing-00-00-03

#MuonMomentumCorrections-00-05-03
#MuonEfficiencyCorrections-01-01-03
#TrigMuonEfficiency-00-01-17

egammaEvent
egammaAnalysisUtils-00-03-30

#ggFReweighting-00-00-10

#HSG4TriggerSF-00-00-02
